<?xml version="1.0" encoding="UTF-8" standalone="yes"?><!DOCTYPE report PUBLIC "-//JACOCO//DTD Report 1.1//EN" "report.dtd"><report name="Powerunit - Java Testing framework for JDK 1.8 - Extension to provide matchers based on annotations."><sessioninfo id="localhost-9ff05468" start="1600002449623" dump="1600002455129"/><sessioninfo id="localhost-af0fad60" start="1600002456328" dump="1600002460188"/><sessioninfo id="localhost-af93a221" start="1600002482108" dump="1600002491548"/><sessioninfo id="localhost-bbe1cd7" start="1600002482750" dump="1600002493074"/><sessioninfo id="localhost-bce2e012" start="1600002482506" dump="1600002495087"/><sessioninfo id="localhost-db705b0d" start="1600002492314" dump="1600002497636"/><sessioninfo id="localhost-f7a0ccc1" start="1600002493643" dump="1600002499802"/><sessioninfo id="localhost-8e40a650" start="1600002495566" dump="1600002501960"/><sessioninfo id="localhost-ed1fe67d" start="1600002507679" dump="1600002516011"/><sessioninfo id="localhost-82136170" start="1600002509379" dump="1600002517858"/><sessioninfo id="localhost-548157a5" start="1600002516652" dump="1600002522033"/><sessioninfo id="localhost-343c077c" start="1600002518331" dump="1600002524698"/><sessioninfo id="localhost-c7b487ff" start="1600002527052" dump="1600002538529"/><sessioninfo id="localhost-6f2c9c78" start="1600002532488" dump="1600002540910"/><sessioninfo id="localhost-7f241886" start="1600002539092" dump="1600002546250"/><sessioninfo id="localhost-77e77aaf" start="1600002541464" dump="1600002548075"/><sessioninfo id="localhost-d9ad539e" start="1600002548438" dump="1600002557548"/><sessioninfo id="localhost-a5c6c6b0" start="1600002558187" dump="1600002564176"/><sessioninfo id="localhost-852a9f82" start="1600002569036" dump="1600002578117"/><sessioninfo id="localhost-d16a2c5" start="1600002570612" dump="1600002581040"/><sessioninfo id="localhost-c299f6b3" start="1600002581533" dump="1600002588965"/><sessioninfo id="localhost-817166ba" start="1600002586914" dump="1600002597499"/><sessioninfo id="localhost-ac92b606" start="1600002597850" dump="1600002604978"/><sessioninfo id="localhost-34506f07" start="1600002597831" dump="1600002608423"/><sessioninfo id="localhost-595ac241" start="1600002608936" dump="1600002615226"/><sessioninfo id="localhost-3c6214cc" start="1600002613170" dump="1600002620066"/><sessioninfo id="localhost-1dbe0ce8" start="1600002624755" dump="1600002630402"/><sessioninfo id="localhost-f23e436f" start="1600002629643" dump="1600002639004"/><sessioninfo id="localhost-ee1ce6bb" start="1600002629939" dump="1600002641061"/><sessioninfo id="localhost-5c8ac943" start="1600002639634" dump="1600002646105"/><sessioninfo id="localhost-6c64e151" start="1600002641431" dump="1600002648476"/><sessioninfo id="localhost-73f766f0" start="1600002673059" dump="1600002681697"/><sessioninfo id="localhost-7f284616" start="1600002678080" dump="1600002689451"/><sessioninfo id="localhost-35a34e3f" start="1600002682302" dump="1600002689536"/><sessioninfo id="localhost-6043b9f0" start="1600002689933" dump="1600002697808"/><sessioninfo id="localhost-c4c31089" start="1600002703458" dump="1600002711456"/><sessioninfo id="localhost-824f24c0" start="1600002670508" dump="1600002713032"/><sessioninfo id="localhost-4c3f7161" start="1600002713871" dump="1600002721415"/><sessioninfo id="localhost-fb8550ea" start="1600002715216" dump="1600002724640"/><sessioninfo id="localhost-c102fd9" start="1600002724972" dump="1600002730945"/></report>