GROUP,PACKAGE,CLASS,INSTRUCTION_MISSED,INSTRUCTION_COVERED,BRANCH_MISSED,BRANCH_COVERED,LINE_MISSED,LINE_COVERED,COMPLEXITY_MISSED,COMPLEXITY_COVERED,METHOD_MISSED,METHOD_COVERED
Powerunit - Java Testing framework for JDK 1.8 - Extension to provide matchers based on annotations.,ch.powerunit.extensions.matchers.provideprocessor.dsl.lang,DSLMethodArgument,27,7,2,0,3,2,2,2,1,2
Powerunit - Java Testing framework for JDK 1.8 - Extension to provide matchers based on annotations.,ch.powerunit.extensions.matchers.provideprocessor.dsl.lang,DSLMethodJavadoc,0,24,0,0,0,3,0,3,0,3
Powerunit - Java Testing framework for JDK 1.8 - Extension to provide matchers based on annotations.,ch.powerunit.extensions.matchers.provideprocessor.dsl.lang,DSLMethodImplementation,0,17,0,0,0,2,0,2,0,2
Powerunit - Java Testing framework for JDK 1.8 - Extension to provide matchers based on annotations.,ch.powerunit.extensions.matchers.provideprocessor.dsl,DSLMethod.Builder,0,53,0,0,0,10,0,4,0,4
Powerunit - Java Testing framework for JDK 1.8 - Extension to provide matchers based on annotations.,ch.powerunit.extensions.matchers.provideprocessor.dsl,DSLMethod,5,146,1,1,1,19,1,8,0,8
Powerunit - Java Testing framework for JDK 1.8 - Extension to provide matchers based on annotations.,ch.powerunit.extensions.matchers.provideprocessor,ProvideMatchersMirror,32,213,6,6,4,30,5,21,2,18
Powerunit - Java Testing framework for JDK 1.8 - Extension to provide matchers based on annotations.,ch.powerunit.extensions.matchers.provideprocessor,Matchable.new Matchable() {...},3,30,0,0,1,5,1,5,1,5
Powerunit - Java Testing framework for JDK 1.8 - Extension to provide matchers based on annotations.,ch.powerunit.extensions.matchers.provideprocessor,ProvidesMatchersElementVisitor,0,53,0,3,0,13,0,6,0,4
Powerunit - Java Testing framework for JDK 1.8 - Extension to provide matchers based on annotations.,ch.powerunit.extensions.matchers.provideprocessor,Matchable,52,29,8,0,5,3,9,3,5,3
Powerunit - Java Testing framework for JDK 1.8 - Extension to provide matchers based on annotations.,ch.powerunit.extensions.matchers.provideprocessor,ProvidesMatchersAnnotatedElementMatcherMirror,195,186,2,0,22,35,14,6,13,6
Powerunit - Java Testing framework for JDK 1.8 - Extension to provide matchers based on annotations.,ch.powerunit.extensions.matchers.provideprocessor,ProvidesMatchersAnnotatedElementGeneralMirror,23,123,2,2,3,18,3,12,1,12
Powerunit - Java Testing framework for JDK 1.8 - Extension to provide matchers based on annotations.,ch.powerunit.extensions.matchers.provideprocessor,RoundMirrorSupport,6,0,0,0,1,0,1,0,1,0
Powerunit - Java Testing framework for JDK 1.8 - Extension to provide matchers based on annotations.,ch.powerunit.extensions.matchers.provideprocessor,ProvidesMatchersAnnotatedElementData,36,21,0,0,7,5,6,5,6,5
Powerunit - Java Testing framework for JDK 1.8 - Extension to provide matchers based on annotations.,ch.powerunit.extensions.matchers.provideprocessor,ProvidesMatchersAnnotatedElementMirror,323,296,7,7,38,44,18,15,13,13
Powerunit - Java Testing framework for JDK 1.8 - Extension to provide matchers based on annotations.,ch.powerunit.extensions.matchers.provideprocessor,ProvidesMatchersSubElementVisitor,79,83,4,12,11,16,9,10,6,5
Powerunit - Java Testing framework for JDK 1.8 - Extension to provide matchers based on annotations.,ch.powerunit.extensions.matchers.provideprocessor,RoundMirror,210,289,0,4,23,34,20,14,20,12
Powerunit - Java Testing framework for JDK 1.8 - Extension to provide matchers based on annotations.,ch.powerunit.extensions.matchers.provideprocessor,ProvidesMatchersAnnotationsProcessor,146,46,2,0,23,11,12,3,11,3
Powerunit - Java Testing framework for JDK 1.8 - Extension to provide matchers based on annotations.,ch.powerunit.extensions.matchers.provideprocessor,ProvideMatchersAnnotationMirror,11,21,0,0,3,5,3,2,3,2
Powerunit - Java Testing framework for JDK 1.8 - Extension to provide matchers based on annotations.,ch.powerunit.extensions.matchers.provideprocessor,NameExtractorVisitor,0,59,0,2,0,10,0,8,0,7
Powerunit - Java Testing framework for JDK 1.8 - Extension to provide matchers based on annotations.,ch.powerunit.extensions.matchers,ComplementaryExpositionMethod,0,54,0,0,0,6,0,1,0,1
Powerunit - Java Testing framework for JDK 1.8 - Extension to provide matchers based on annotations.,ch.powerunit.extensions.matchers.common.lang,ListJoiningDelimiter,0,4,0,0,0,1,0,1,0,1
Powerunit - Java Testing framework for JDK 1.8 - Extension to provide matchers based on annotations.,ch.powerunit.extensions.matchers.common.lang,ListJoiningMapper,0,4,0,0,0,1,0,1,0,1
Powerunit - Java Testing framework for JDK 1.8 - Extension to provide matchers based on annotations.,ch.powerunit.extensions.matchers.common.lang,ListJoiningAround,0,44,0,2,0,3,0,6,0,5
Powerunit - Java Testing framework for JDK 1.8 - Extension to provide matchers based on annotations.,ch.powerunit.extensions.matchers.provideprocessor.extension.jackson,AbstractJacksonAutomatedExtension,74,7,0,0,9,3,5,2,5,2
Powerunit - Java Testing framework for JDK 1.8 - Extension to provide matchers based on annotations.,ch.powerunit.extensions.matchers.provideprocessor.extension.jackson,DefaultJsonNodeJacksonAutomatedExtension,49,4,0,0,5,2,1,1,1,1
Powerunit - Java Testing framework for JDK 1.8 - Extension to provide matchers based on annotations.,ch.powerunit.extensions.matchers.provideprocessor.fields.lang,BuilderJavadoc,7,23,0,0,1,3,1,3,1,3
Powerunit - Java Testing framework for JDK 1.8 - Extension to provide matchers based on annotations.,ch.powerunit.extensions.matchers.provideprocessor.fields.lang,BuilderDeclaration,5,11,0,0,1,2,1,2,1,2
Powerunit - Java Testing framework for JDK 1.8 - Extension to provide matchers based on annotations.,ch.powerunit.extensions.matchers.provideprocessor.extension.spotify,AbstractSpotifyAutomatedExtension,20,7,4,0,6,3,3,2,1,2
Powerunit - Java Testing framework for JDK 1.8 - Extension to provide matchers based on annotations.,ch.powerunit.extensions.matchers.provideprocessor.extension.spotify,JsonStringSpotifyAutomatedExtension,0,17,0,0,0,6,0,2,0,2
Powerunit - Java Testing framework for JDK 1.8 - Extension to provide matchers based on annotations.,ch.powerunit.extensions.matchers.provideprocessor.extension.hamcrestutility,CollectionHamcrestUtilityAutomatedExtension,131,5,0,0,17,2,1,1,1,1
Powerunit - Java Testing framework for JDK 1.8 - Extension to provide matchers based on annotations.,ch.powerunit.extensions.matchers.provideprocessor.extension.hamcrestutility,AbstractHamcrestUtilityAutomatedExtension,22,29,0,4,2,8,1,5,1,3
Powerunit - Java Testing framework for JDK 1.8 - Extension to provide matchers based on annotations.,ch.powerunit.extensions.matchers.provideprocessor.extension.beanmatchers,AbstractBeanMatchersAutomatedExtension,11,7,2,0,3,3,2,2,1,2
Powerunit - Java Testing framework for JDK 1.8 - Extension to provide matchers based on annotations.,ch.powerunit.extensions.matchers.provideprocessor.extension.beanmatchers,DefaultBeanMatchersAutomatedExtension,9,4,0,0,1,2,1,1,1,1
Powerunit - Java Testing framework for JDK 1.8 - Extension to provide matchers based on annotations.,ch.powerunit.extensions.matchers.provideprocessor.fields,PrimitiveFieldDescription,3,97,0,0,1,17,1,2,1,2
Powerunit - Java Testing framework for JDK 1.8 - Extension to provide matchers based on annotations.,ch.powerunit.extensions.matchers.provideprocessor.fields,StringFieldDescription,56,5,0,0,11,2,1,1,1,1
Powerunit - Java Testing framework for JDK 1.8 - Extension to provide matchers based on annotations.,ch.powerunit.extensions.matchers.provideprocessor.fields,FieldDSLMethodBuilder,3,172,0,0,1,14,1,9,1,9
Powerunit - Java Testing framework for JDK 1.8 - Extension to provide matchers based on annotations.,ch.powerunit.extensions.matchers.provideprocessor.fields,AbstractFieldDescriptionContainerMetaData,7,6,0,0,2,3,2,1,2,1
Powerunit - Java Testing framework for JDK 1.8 - Extension to provide matchers based on annotations.,ch.powerunit.extensions.matchers.provideprocessor.fields,ArrayFieldDescription,8,5,0,0,1,2,1,1,1,1
Powerunit - Java Testing framework for JDK 1.8 - Extension to provide matchers based on annotations.,ch.powerunit.extensions.matchers.provideprocessor.fields,SupplierFieldDescription,33,5,0,0,5,2,1,1,1,1
Powerunit - Java Testing framework for JDK 1.8 - Extension to provide matchers based on annotations.,ch.powerunit.extensions.matchers.provideprocessor.fields,AbstractFieldDescription,21,76,0,0,1,16,1,6,1,6
Powerunit - Java Testing framework for JDK 1.8 - Extension to provide matchers based on annotations.,ch.powerunit.extensions.matchers.provideprocessor.fields,FieldDescriptionMetaData,89,187,2,2,6,31,5,17,4,16
Powerunit - Java Testing framework for JDK 1.8 - Extension to provide matchers based on annotations.,ch.powerunit.extensions.matchers.provideprocessor.fields,ComparableFieldDescription,112,5,0,0,17,2,1,1,1,1
Powerunit - Java Testing framework for JDK 1.8 - Extension to provide matchers based on annotations.,ch.powerunit.extensions.matchers.provideprocessor.fields,FieldDescriptionProvider.ExtractTypeVisitor,7,150,0,16,1,26,1,15,1,7
Powerunit - Java Testing framework for JDK 1.8 - Extension to provide matchers based on annotations.,ch.powerunit.extensions.matchers.provideprocessor.fields,FieldDescriptionMirror,0,88,0,4,0,16,0,11,0,9
Powerunit - Java Testing framework for JDK 1.8 - Extension to provide matchers based on annotations.,ch.powerunit.extensions.matchers.provideprocessor.fields,OptionalFieldDescription,305,5,4,0,27,2,9,1,7,1
Powerunit - Java Testing framework for JDK 1.8 - Extension to provide matchers based on annotations.,ch.powerunit.extensions.matchers.provideprocessor.fields,IgnoreFieldDescription,2,65,0,0,1,10,1,6,1,6
Powerunit - Java Testing framework for JDK 1.8 - Extension to provide matchers based on annotations.,ch.powerunit.extensions.matchers.provideprocessor.fields,DefaultFieldDescription,73,57,0,0,7,11,2,3,2,3
Powerunit - Java Testing framework for JDK 1.8 - Extension to provide matchers based on annotations.,ch.powerunit.extensions.matchers.provideprocessor.fields,FieldDSLMethodBuilder.Builder,26,79,0,0,5,10,4,5,4,5
Powerunit - Java Testing framework for JDK 1.8 - Extension to provide matchers based on annotations.,ch.powerunit.extensions.matchers.provideprocessor.fields,FieldDescriptionProvider,4,34,1,5,0,6,1,4,0,2
Powerunit - Java Testing framework for JDK 1.8 - Extension to provide matchers based on annotations.,ch.powerunit.extensions.matchers.provideprocessor.fields,MapFieldDescription,228,5,6,0,23,2,12,1,9,1
Powerunit - Java Testing framework for JDK 1.8 - Extension to provide matchers based on annotations.,ch.powerunit.extensions.matchers.provideprocessor.fields,FieldDSLMethod,0,15,0,0,0,6,0,3,0,3
Powerunit - Java Testing framework for JDK 1.8 - Extension to provide matchers based on annotations.,ch.powerunit.extensions.matchers.provideprocessor.fields,CollectionFieldDescription,269,5,4,0,35,2,9,1,7,1
Powerunit - Java Testing framework for JDK 1.8 - Extension to provide matchers based on annotations.,ch.powerunit.extensions.matchers.common,FileObjectHelper,0,38,0,0,0,9,0,3,0,3
Powerunit - Java Testing framework for JDK 1.8 - Extension to provide matchers based on annotations.,ch.powerunit.extensions.matchers.common,ListJoining,0,76,0,0,0,18,0,10,0,10
Powerunit - Java Testing framework for JDK 1.8 - Extension to provide matchers based on annotations.,ch.powerunit.extensions.matchers.common,AbstractRoundMirrorReferenceToProcessingEnv,0,32,0,0,0,10,0,4,0,4
Powerunit - Java Testing framework for JDK 1.8 - Extension to provide matchers based on annotations.,ch.powerunit.extensions.matchers.common,ElementHelper,0,86,0,0,0,18,0,10,0,10
Powerunit - Java Testing framework for JDK 1.8 - Extension to provide matchers based on annotations.,ch.powerunit.extensions.matchers.common,CommonUtils,0,177,0,5,0,21,0,15,0,11
Powerunit - Java Testing framework for JDK 1.8 - Extension to provide matchers based on annotations.,ch.powerunit.extensions.matchers.common,ListJoining.Builder,0,28,0,0,0,6,0,4,0,4
Powerunit - Java Testing framework for JDK 1.8 - Extension to provide matchers based on annotations.,ch.powerunit.extensions.matchers.common,ProcessingEnvironmentHelper,0,28,0,0,0,7,0,7,0,7
Powerunit - Java Testing framework for JDK 1.8 - Extension to provide matchers based on annotations.,ch.powerunit.extensions.matchers.common,AbstractTypeKindVisitor,0,9,0,0,0,4,0,2,0,2
Powerunit - Java Testing framework for JDK 1.8 - Extension to provide matchers based on annotations.,ch.powerunit.extensions.matchers.common,CommonConstants,0,3,0,0,0,1,0,1,0,1
Powerunit - Java Testing framework for JDK 1.8 - Extension to provide matchers based on annotations.,ch.powerunit.extensions.matchers.common,AbstractRoundMirrorSupport,5,47,0,8,1,6,1,9,1,5
Powerunit - Java Testing framework for JDK 1.8 - Extension to provide matchers based on annotations.,ch.powerunit.extensions.matchers.common,FactoryHelper,0,64,0,0,0,12,0,2,0,2
Powerunit - Java Testing framework for JDK 1.8 - Extension to provide matchers based on annotations.,ch.powerunit.extensions.matchers.common,AbstractSimpleElementVisitor,0,9,0,0,0,4,0,2,0,2
Powerunit - Java Testing framework for JDK 1.8 - Extension to provide matchers based on annotations.,ch.powerunit.extensions.matchers.common,AbstractTypeElementMirror,3,66,0,0,1,11,1,6,1,6
Powerunit - Java Testing framework for JDK 1.8 - Extension to provide matchers based on annotations.,ch.powerunit.extensions.matchers.common,RessourceLoaderHelper,0,29,0,2,0,5,0,2,0,1
Powerunit - Java Testing framework for JDK 1.8 - Extension to provide matchers based on annotations.,ch.powerunit.extensions.matchers.common,AbstractElementMirror,42,87,3,7,3,19,6,9,4,6
Powerunit - Java Testing framework for JDK 1.8 - Extension to provide matchers based on annotations.,ch.powerunit.extensions.matchers.provideprocessor.extension,AbstractDSLExtensionSupplier,88,87,0,2,5,13,2,6,2,5
Powerunit - Java Testing framework for JDK 1.8 - Extension to provide matchers based on annotations.,ch.powerunit.extensions.matchers.provideprocessor.extension,NoneOfExtension,14,3,0,0,3,1,2,1,2,1
Powerunit - Java Testing framework for JDK 1.8 - Extension to provide matchers based on annotations.,ch.powerunit.extensions.matchers.provideprocessor.extension,ArrayContaingDSLExtensionSupplier,272,0,2,0,30,0,11,0,10,0
Powerunit - Java Testing framework for JDK 1.8 - Extension to provide matchers based on annotations.,ch.powerunit.extensions.matchers.provideprocessor.extension,HasItemsExtension.HasItemSupplier,112,0,2,0,14,0,4,0,3,0
Powerunit - Java Testing framework for JDK 1.8 - Extension to provide matchers based on annotations.,ch.powerunit.extensions.matchers.provideprocessor.extension,ContainsInAnyOrderDSLExtension,13,3,0,0,3,1,2,1,2,1
Powerunit - Java Testing framework for JDK 1.8 - Extension to provide matchers based on annotations.,ch.powerunit.extensions.matchers.provideprocessor.extension,AnyOfExtension,14,3,0,0,3,1,2,1,2,1
Powerunit - Java Testing framework for JDK 1.8 - Extension to provide matchers based on annotations.,ch.powerunit.extensions.matchers.provideprocessor.extension,HasItemsExtension,9,3,0,0,2,1,2,1,2,1
Powerunit - Java Testing framework for JDK 1.8 - Extension to provide matchers based on annotations.,ch.powerunit.extensions.matchers.provideprocessor.extension,NoneOfExtension.NoneOfSupplier,91,0,2,0,10,0,4,0,3,0
Powerunit - Java Testing framework for JDK 1.8 - Extension to provide matchers based on annotations.,ch.powerunit.extensions.matchers.provideprocessor.extension,ArrayContainingInAnyOrderDSLExtension,13,3,0,0,4,1,2,1,2,1
Powerunit - Java Testing framework for JDK 1.8 - Extension to provide matchers based on annotations.,ch.powerunit.extensions.matchers.provideprocessor.extension,DSLExtension,0,70,0,6,0,2,0,6,0,3
Powerunit - Java Testing framework for JDK 1.8 - Extension to provide matchers based on annotations.,ch.powerunit.extensions.matchers.provideprocessor.extension,AutomatedExtension,0,39,0,2,0,11,0,7,0,6
Powerunit - Java Testing framework for JDK 1.8 - Extension to provide matchers based on annotations.,ch.powerunit.extensions.matchers.provideprocessor.extension,ArrayContainingDSLExtension,13,3,0,0,3,1,2,1,2,1
Powerunit - Java Testing framework for JDK 1.8 - Extension to provide matchers based on annotations.,ch.powerunit.extensions.matchers.provideprocessor.extension,ContainsDSLExtension,13,3,0,0,3,1,2,1,2,1
Powerunit - Java Testing framework for JDK 1.8 - Extension to provide matchers based on annotations.,ch.powerunit.extensions.matchers.provideprocessor.extension,AnyOfExtension.AnyOfSupplier,122,0,2,0,14,0,5,0,4,0
Powerunit - Java Testing framework for JDK 1.8 - Extension to provide matchers based on annotations.,ch.powerunit.extensions.matchers.provideprocessor.extension,ContainsDSLExtensionSupplier,272,0,2,0,28,0,11,0,10,0
Powerunit - Java Testing framework for JDK 1.8 - Extension to provide matchers based on annotations.,ch.powerunit.extensions.matchers.provideprocessor.helper,ProvidesMatchersWithSameValueHelper,214,204,9,1,32,41,16,10,11,10
Powerunit - Java Testing framework for JDK 1.8 - Extension to provide matchers based on annotations.,ch.powerunit.extensions.matchers.provideprocessor.helper,FeatureMatcher,0,45,0,0,0,5,0,3,0,3
Powerunit - Java Testing framework for JDK 1.8 - Extension to provide matchers based on annotations.,ch.powerunit.extensions.matchers.provideprocessor.extension.hamcrestdate,LocalTimeMatchersAutomatedExtension,0,7,0,0,0,2,0,1,0,1
Powerunit - Java Testing framework for JDK 1.8 - Extension to provide matchers based on annotations.,ch.powerunit.extensions.matchers.provideprocessor.extension.hamcrestdate,AbstractHamcrestDateMatchersAutomatedExtension,158,18,4,0,13,6,4,2,2,2
Powerunit - Java Testing framework for JDK 1.8 - Extension to provide matchers based on annotations.,ch.powerunit.extensions.matchers.provideprocessor.extension.hamcrestdate,LocalDateMatchersAutomatedExtension,0,7,0,0,0,2,0,1,0,1
Powerunit - Java Testing framework for JDK 1.8 - Extension to provide matchers based on annotations.,ch.powerunit.extensions.matchers.provideprocessor.extension.hamcrestdate,LocalDateTimeMatchersAutomatedExtension,0,7,0,0,0,2,0,1,0,1
Powerunit - Java Testing framework for JDK 1.8 - Extension to provide matchers based on annotations.,ch.powerunit.extensions.matchers.provideprocessor.extension.hamcrestdate,ZonedDateTimeMatchersAutomatedExtension,0,7,0,0,0,2,0,1,0,1
